<?xml version="1.0" encoding="UTF-8"?>
<!-- Generated by org.testng.reporters.JUnitReportReporter -->
<testsuite skipped="0" hostname="DESKTOP-2B3MEUO" name="com.dkatalis.tests.SuccessfulPaymentTest" tests="1" failures="0" timestamp="10 Feb 2021 13:25:34 GMT" time="0.862" errors="0">
  <testcase name="checkSuccessfulPaymentTest" time="0.862" classname="com.dkatalis.tests.SuccessfulPaymentTest"/>
</testsuite> <!-- com.dkatalis.tests.SuccessfulPaymentTest -->
